<?xml version="1.0" encoding="UTF-8"?>
<!-- Generated by org.testng.reporters.JUnitReportReporter -->
<testsuite skipped="0" hostname="Apples-MacBook-Pro.local" name="bestbuy.Rough" tests="1" failures="0" timestamp="28 Apr 2019 07:29:06 GMT" time="292.937" errors="0">
  <testcase name="setup" time="292.937" classname="bestbuy.Rough"/>
</testsuite> <!-- bestbuy.Rough -->
