<?xml version="1.0" encoding="UTF-8"?>
<!-- Generated by org.testng.reporters.JUnitReportReporter -->
<testsuite skipped="0" hostname="Apples-MacBook-Pro.local" name="project.avi.testcases.AddCustomerTest" tests="1" failures="0" timestamp="31 Mar 2019 14:57:57 GMT" time="1.279" errors="0">
  <testcase name="addcustomer" time="1.279" classname="project.avi.testcases.AddCustomerTest"/>
</testsuite> <!-- project.avi.testcases.AddCustomerTest -->
