<?xml version="1.0" encoding="UTF-8"?>
<!-- Generated by org.testng.reporters.JUnitReportReporter -->
<testsuite skipped="0" hostname="Apples-MacBook-Pro.local" name="project.avi.testcases.LoginTest" tests="1" failures="0" timestamp="31 Mar 2019 04:07:41 GMT" time="3.533" errors="0">
  <testcase name="loginbankmanger" time="3.533" classname="project.avi.testcases.LoginTest"/>
</testsuite> <!-- project.avi.testcases.LoginTest -->
