<?xml version="1.0" encoding="UTF-8"?>
<!-- Generated by org.testng.reporters.JUnitReportReporter -->
<testsuite skipped="0" hostname="Apples-MacBook-Pro.local" name="project.avi.testcases.BankMangerLoginTest" tests="1" failures="0" timestamp="31 Mar 2019 14:57:57 GMT" time="5.296" errors="0">
  <testcase name="loginbankmanger" time="5.296" classname="project.avi.testcases.BankMangerLoginTest"/>
</testsuite> <!-- project.avi.testcases.BankMangerLoginTest -->
